<?xml version="1.0" encoding="UTF-8"?>
<!-- Generated by org.testng.reporters.JUnitXMLReporter -->
<testsuite ignored="0" hostname="Kaushik" failures="0" tests="3" name="Default test" time="76.548" errors="0" timestamp="2024-01-19T17:34:54 IST">
  <testcase classname="com.appium.test.WifiSettingsTest" name="WifiSettings" time="10.152"/>
  <testcase classname="com.appium.test.WifiSettingsTest" name="WifiSettings" time="9.138"/>
  <testcase classname="com.appium.test.WifiSettingsTest" name="WifiSettings" time="8.834"/>
</testsuite> <!-- Default test -->
