<?xml version="1.0" encoding="UTF-8"?>
<testng-results ignored="0" total="3" passed="3" failed="0" skipped="0">
  <reporter-output>
  </reporter-output>
  <suite started-at="2024-01-19T17:33:38 IST" name="Default suite" finished-at="2024-01-19T17:34:54 IST" duration-ms="76548">
    <groups>
    </groups>
    <test started-at="2024-01-19T17:33:38 IST" name="Default test" finished-at="2024-01-19T17:34:54 IST" duration-ms="76548">
      <class name="com.appium.test.WifiSettingsTest">
        <test-method is-config="true" signature="SuiteSetUp()[pri:0, instance:com.appium.test.WifiSettingsTest@6f204a1a]" started-at="2024-01-19T17:33:27 IST" name="SuiteSetUp" finished-at="2024-01-19T17:33:38 IST" duration-ms="10041" status="PASS">
          <reporter-output>
          </reporter-output>
        </test-method> <!-- SuiteSetUp -->
        <test-method is-config="true" signature="SetUp()[pri:0, instance:com.appium.test.WifiSettingsTest@6f204a1a]" started-at="2024-01-19T17:33:38 IST" name="SetUp" finished-at="2024-01-19T17:33:59 IST" duration-ms="21081" status="PASS">
          <reporter-output>
          </reporter-output>
        </test-method> <!-- SetUp -->
        <test-method signature="WifiSettings(java.util.Hashtable)[pri:0, instance:com.appium.test.WifiSettingsTest@6f204a1a]" started-at="2024-01-19T17:33:59 IST" name="WifiSettings" data-provider="DataWifiSettings" finished-at="2024-01-19T17:34:09 IST" duration-ms="10152" status="PASS">
          <params>
            <param index="0">
              <value>
                <![CDATA[{wifiname=Kaushik Mukherjee}]]>
              </value>
            </param>
          </params>
          <reporter-output>
          </reporter-output>
        </test-method> <!-- WifiSettings -->
        <test-method is-config="true" signature="TearDownMethod(org.testng.ITestResult)[pri:0, instance:com.appium.test.WifiSettingsTest@6f204a1a]" started-at="2024-01-19T17:34:09 IST" name="TearDownMethod" finished-at="2024-01-19T17:34:10 IST" duration-ms="456" status="PASS">
          <params>
            <param index="0">
              <value>
                <![CDATA[[TestResult name=WifiSettings status=SUCCESS method=WifiSettingsTest.WifiSettings(java.util.Hashtable)[pri:0, instance:com.appium.test.WifiSettingsTest@6f204a1a] output={null}]]]>
              </value>
            </param>
          </params>
          <reporter-output>
          </reporter-output>
        </test-method> <!-- TearDownMethod -->
        <test-method is-config="true" signature="SetUp()[pri:0, instance:com.appium.test.WifiSettingsTest@6f204a1a]" started-at="2024-01-19T17:34:10 IST" name="SetUp" finished-at="2024-01-19T17:34:23 IST" duration-ms="12746" status="PASS">
          <reporter-output>
          </reporter-output>
        </test-method> <!-- SetUp -->
        <test-method signature="WifiSettings(java.util.Hashtable)[pri:0, instance:com.appium.test.WifiSettingsTest@6f204a1a]" started-at="2024-01-19T17:34:23 IST" name="WifiSettings" data-provider="DataWifiSettings" finished-at="2024-01-19T17:34:32 IST" duration-ms="9138" status="PASS">
          <params>
            <param index="0">
              <value>
                <![CDATA[{wifiname=Sam Mendes}]]>
              </value>
            </param>
          </params>
          <reporter-output>
          </reporter-output>
        </test-method> <!-- WifiSettings -->
        <test-method is-config="true" signature="TearDownMethod(org.testng.ITestResult)[pri:0, instance:com.appium.test.WifiSettingsTest@6f204a1a]" started-at="2024-01-19T17:34:32 IST" name="TearDownMethod" finished-at="2024-01-19T17:34:32 IST" duration-ms="580" status="PASS">
          <params>
            <param index="0">
              <value>
                <![CDATA[[TestResult name=WifiSettings status=SUCCESS method=WifiSettingsTest.WifiSettings(java.util.Hashtable)[pri:0, instance:com.appium.test.WifiSettingsTest@6f204a1a] output={null}]]]>
              </value>
            </param>
          </params>
          <reporter-output>
          </reporter-output>
        </test-method> <!-- TearDownMethod -->
        <test-method is-config="true" signature="SetUp()[pri:0, instance:com.appium.test.WifiSettingsTest@6f204a1a]" started-at="2024-01-19T17:34:32 IST" name="SetUp" finished-at="2024-01-19T17:34:45 IST" duration-ms="12531" status="PASS">
          <reporter-output>
          </reporter-output>
        </test-method> <!-- SetUp -->
        <test-method signature="WifiSettings(java.util.Hashtable)[pri:0, instance:com.appium.test.WifiSettingsTest@6f204a1a]" started-at="2024-01-19T17:34:45 IST" name="WifiSettings" data-provider="DataWifiSettings" finished-at="2024-01-19T17:34:54 IST" duration-ms="8834" status="PASS">
          <params>
            <param index="0">
              <value>
                <![CDATA[{wifiname=Peter M}]]>
              </value>
            </param>
          </params>
          <reporter-output>
          </reporter-output>
        </test-method> <!-- WifiSettings -->
        <test-method is-config="true" signature="TearDownMethod(org.testng.ITestResult)[pri:0, instance:com.appium.test.WifiSettingsTest@6f204a1a]" started-at="2024-01-19T17:34:54 IST" name="TearDownMethod" finished-at="2024-01-19T17:34:54 IST" duration-ms="440" status="PASS">
          <params>
            <param index="0">
              <value>
                <![CDATA[[TestResult name=WifiSettings status=SUCCESS method=WifiSettingsTest.WifiSettings(java.util.Hashtable)[pri:0, instance:com.appium.test.WifiSettingsTest@6f204a1a] output={null}]]]>
              </value>
            </param>
          </params>
          <reporter-output>
          </reporter-output>
        </test-method> <!-- TearDownMethod -->
        <test-method is-config="true" signature="SuiteTearDown()[pri:0, instance:com.appium.test.WifiSettingsTest@6f204a1a]" started-at="2024-01-19T17:34:54 IST" name="SuiteTearDown" finished-at="2024-01-19T17:34:54 IST" duration-ms="19" status="PASS">
          <reporter-output>
          </reporter-output>
        </test-method> <!-- SuiteTearDown -->
      </class> <!-- com.appium.test.WifiSettingsTest -->
    </test> <!-- Default test -->
  </suite> <!-- Default suite -->
</testng-results>
